  compilation header save succeeded; see C:\Users\danie\OneDrive\Escritorio\Skinned instancing\elseifstudio\ThievesLabyrinth\ThievesLabyrinth\DebugPS.csh
  compilation object save succeeded; see C:\Users\danie\OneDrive\Escritorio\Skinned instancing\elseifstudio\ThievesLabyrinth\x64\Release\DebugPS.cso
  compilation header save succeeded; see C:\Users\danie\OneDrive\Escritorio\Skinned instancing\elseifstudio\ThievesLabyrinth\ThievesLabyrinth\DebugVS.csh
  compilation object save succeeded; see C:\Users\danie\OneDrive\Escritorio\Skinned instancing\elseifstudio\ThievesLabyrinth\x64\Release\DebugVS.cso
C:\Users\danie\OneDrive\Escritorio\Skinned instancing\elseifstudio\ThievesLabyrinth\ThievesLabyrinth\SkinnedVS.hlsl(85,19-63): warning X3206: 'mul': implicit truncation of vector type
C:\Users\danie\OneDrive\Escritorio\Skinned instancing\elseifstudio\ThievesLabyrinth\ThievesLabyrinth\SkinnedVS.hlsl(96,29-74): warning X3206: 'mul': implicit truncation of vector type
  
  compilation header save succeeded; see C:\Users\danie\OneDrive\Escritorio\Skinned instancing\elseifstudio\ThievesLabyrinth\ThievesLabyrinth\SkinnedVS.csh
  compilation object save succeeded; see C:\Users\danie\OneDrive\Escritorio\Skinned instancing\elseifstudio\ThievesLabyrinth\x64\Release\SkinnedVS.cso
  AIManager.cpp
  AnimationManager.cpp
  AnimatorComponent.cpp
  AudioManager.cpp
  BoxCollider.cpp
  Button.cpp
  CameraController.cpp
  CapusleCollider.cpp
  Collider.cpp
  Component.cpp
  ComponentManager.cpp
  DDSTextureLoader.cpp
  DebugManager.cpp
  EnemyController.cpp
  Entity.cpp
c:\users\danie\onedrive\escritorio\skinned instancing\elseifstudio\thieveslabyrinth\thieveslabyrinth\entity.cpp(503): warning C4305: 'argument': truncation from 'double' to 'float'
  EntityManager.cpp
  EventManager.cpp
  FireDemonController.cpp
  GAudio.cpp
c:\users\danie\onedrive\escritorio\skinned instancing\elseifstudio\thieveslabyrinth\thieveslabyrinth\gaudiowin.hpp(2): warning C4067: unexpected tokens following preprocessor directive - expected a newline
c:\users\danie\onedrive\escritorio\skinned instancing\elseifstudio\thieveslabyrinth\thieveslabyrinth\gaudiowin.hpp(765): warning C4101: 'e': unreferenced local variable
c:\users\danie\onedrive\escritorio\skinned instancing\elseifstudio\thieveslabyrinth\thieveslabyrinth\gaudiowin.hpp(839): warning C4101: 'e': unreferenced local variable
c:\users\danie\onedrive\escritorio\skinned instancing\elseifstudio\thieveslabyrinth\thieveslabyrinth\gaudiowin.hpp(1153): warning C4101: 'e': unreferenced local variable
c:\users\danie\onedrive\escritorio\skinned instancing\elseifstudio\thieveslabyrinth\thieveslabyrinth\gaudiowin.hpp(1228): warning C4101: 'e': unreferenced local variable
  GUIManager.cpp
  Compiling...
  GameLogic.cpp
  HUD.cpp
  InputManager.cpp
  Inventory.cpp
  Level.cpp
  LevelManager.cpp
  LightComponent.cpp
  MageController.cpp
  Math.cpp
  MemoryManager.cpp
  Menu.cpp
  MeshRenderer.cpp
  PhysicsManager.cpp
  Pool.cpp
  ProjectileComponent.cpp
  RenderManager.cpp
c:\users\danie\onedrive\escritorio\skinned instancing\elseifstudio\thieveslabyrinth\thieveslabyrinth\rendermanager.cpp(637): warning C4244: '=': conversion from 'unsigned __int64' to 'float', possible loss of data
c:\users\danie\onedrive\escritorio\skinned instancing\elseifstudio\thieveslabyrinth\thieveslabyrinth\rendermanager.cpp(664): warning C4244: '=': conversion from 'int' to 'float', possible loss of data
  Rigidbody.cpp
  Slider.cpp
  Stats.cpp
  System.cpp
  Compiling...
  Time.cpp
  Transform.cpp
  WICTextureLoader.cpp
  WinMain.cpp
  Generating code
  1129 of 4455 functions (25.3%) were compiled, the rest were copied from previous compilation.
    245 functions were new in current compilation
    179 functions had inline decision re-evaluated but remain unchanged
  Finished generating code
  ThievesLabyrinth.vcxproj -> C:\Users\danie\OneDrive\Escritorio\Skinned instancing\elseifstudio\ThievesLabyrinth\x64\Release\ThievesLabyrinth.exe
