z:\elseifstudio\thieveslabyrinth\thieveslabyrinth\x64\release\vc141.pdb
z:\elseifstudio\thieveslabyrinth\thieveslabyrinth\x64\release\level.obj
z:\elseifstudio\thieveslabyrinth\thieveslabyrinth\x64\release\inputmanager.obj
z:\elseifstudio\thieveslabyrinth\thieveslabyrinth\x64\release\gaudio.obj
z:\elseifstudio\thieveslabyrinth\thieveslabyrinth\x64\release\guimanager.obj
z:\elseifstudio\thieveslabyrinth\thieveslabyrinth\x64\release\gamelogic.obj
z:\elseifstudio\thieveslabyrinth\thieveslabyrinth\x64\release\eventmanager.obj
z:\elseifstudio\thieveslabyrinth\thieveslabyrinth\x64\release\entitymanager.obj
z:\elseifstudio\thieveslabyrinth\thieveslabyrinth\x64\release\entity.obj
z:\elseifstudio\thieveslabyrinth\thieveslabyrinth\x64\release\enemycontroller.obj
z:\elseifstudio\thieveslabyrinth\thieveslabyrinth\x64\release\componentmanager.obj
z:\elseifstudio\thieveslabyrinth\thieveslabyrinth\x64\release\component.obj
z:\elseifstudio\thieveslabyrinth\thieveslabyrinth\x64\release\collider.obj
z:\elseifstudio\thieveslabyrinth\thieveslabyrinth\x64\release\debugmanager.obj
z:\elseifstudio\thieveslabyrinth\thieveslabyrinth\x64\release\cameracontroller.obj
z:\elseifstudio\thieveslabyrinth\thieveslabyrinth\x64\release\audiomanager.obj
z:\elseifstudio\thieveslabyrinth\thieveslabyrinth\x64\release\button.obj
z:\elseifstudio\thieveslabyrinth\thieveslabyrinth\x64\release\magecontroller.obj
z:\elseifstudio\thieveslabyrinth\thieveslabyrinth\x64\release\animatorcomponent.obj
z:\elseifstudio\thieveslabyrinth\thieveslabyrinth\x64\release\animationmanager.obj
z:\elseifstudio\thieveslabyrinth\thieveslabyrinth\x64\release\aimanager.obj
z:\elseifstudio\thieveslabyrinth\thieveslabyrinth\x64\release\winmain.obj
z:\elseifstudio\thieveslabyrinth\thieveslabyrinth\x64\release\wictextureloader.obj
z:\elseifstudio\thieveslabyrinth\thieveslabyrinth\x64\release\transform.obj
z:\elseifstudio\thieveslabyrinth\thieveslabyrinth\x64\release\time.obj
z:\elseifstudio\thieveslabyrinth\thieveslabyrinth\x64\release\system.obj
z:\elseifstudio\thieveslabyrinth\thieveslabyrinth\x64\release\stats.obj
z:\elseifstudio\thieveslabyrinth\thieveslabyrinth\x64\release\rigidbody.obj
z:\elseifstudio\thieveslabyrinth\thieveslabyrinth\x64\release\physicsmanager.obj
z:\elseifstudio\thieveslabyrinth\thieveslabyrinth\x64\release\rendermanager.obj
z:\elseifstudio\thieveslabyrinth\thieveslabyrinth\x64\release\pool.obj
z:\elseifstudio\thieveslabyrinth\thieveslabyrinth\x64\release\minotaurcontroller.obj
z:\elseifstudio\thieveslabyrinth\thieveslabyrinth\x64\release\meshrenderer.obj
z:\elseifstudio\thieveslabyrinth\thieveslabyrinth\x64\release\menu.obj
z:\elseifstudio\thieveslabyrinth\thieveslabyrinth\x64\release\memorymanager.obj
z:\elseifstudio\thieveslabyrinth\thieveslabyrinth\x64\release\math.obj
z:\elseifstudio\thieveslabyrinth\thieveslabyrinth\x64\release\levelmanager.obj
z:\elseifstudio\thieveslabyrinth\thieveslabyrinth\x64\release\projectilecomponent.obj
z:\elseifstudio\thieveslabyrinth\thieveslabyrinth\x64\release\hud.obj
z:\elseifstudio\thieveslabyrinth\thieveslabyrinth\x64\release\firedemoncontroller.obj
z:\elseifstudio\thieveslabyrinth\thieveslabyrinth\x64\release\slider.obj
z:\elseifstudio\thieveslabyrinth\thieveslabyrinth\debugps.csh
z:\elseifstudio\thieveslabyrinth\x64\release\debugps.cso
z:\elseifstudio\thieveslabyrinth\thieveslabyrinth\debugvs.csh
z:\elseifstudio\thieveslabyrinth\x64\release\debugvs.cso
z:\elseifstudio\thieveslabyrinth\thieveslabyrinth\defaultps.csh
z:\elseifstudio\thieveslabyrinth\x64\release\defaultps.cso
z:\elseifstudio\thieveslabyrinth\thieveslabyrinth\defaultvs.csh
z:\elseifstudio\thieveslabyrinth\x64\release\defaultvs.cso
z:\elseifstudio\thieveslabyrinth\thieveslabyrinth\skinnedvs.csh
z:\elseifstudio\thieveslabyrinth\x64\release\skinnedvs.cso
z:\elseifstudio\thieveslabyrinth\x64\release\thieveslabyrinth.exe
z:\elseifstudio\thieveslabyrinth\x64\release\thieveslabyrinth.map
z:\elseifstudio\thieveslabyrinth\x64\release\thieveslabyrinth.pdb
z:\elseifstudio\thieveslabyrinth\x64\release\thieveslabyrinth.ipdb
z:\elseifstudio\thieveslabyrinth\x64\release\thieveslabyrinth.iobj
z:\elseifstudio\thieveslabyrinth\thieveslabyrinth\x64\release\thieveslabyrinth.tlog\cl.command.1.tlog
z:\elseifstudio\thieveslabyrinth\thieveslabyrinth\x64\release\thieveslabyrinth.tlog\cl.read.1.tlog
z:\elseifstudio\thieveslabyrinth\thieveslabyrinth\x64\release\thieveslabyrinth.tlog\cl.write.1.tlog
z:\elseifstudio\thieveslabyrinth\thieveslabyrinth\x64\release\thieveslabyrinth.tlog\fxc.command.1.tlog
z:\elseifstudio\thieveslabyrinth\thieveslabyrinth\x64\release\thieveslabyrinth.tlog\fxc.read.1.tlog
z:\elseifstudio\thieveslabyrinth\thieveslabyrinth\x64\release\thieveslabyrinth.tlog\fxc.write.1.tlog
z:\elseifstudio\thieveslabyrinth\thieveslabyrinth\x64\release\thieveslabyrinth.tlog\link.command.1.tlog
z:\elseifstudio\thieveslabyrinth\thieveslabyrinth\x64\release\thieveslabyrinth.tlog\link.read.1.tlog
z:\elseifstudio\thieveslabyrinth\thieveslabyrinth\x64\release\thieveslabyrinth.tlog\link.write.1.tlog
z:\elseifstudio\thieveslabyrinth\thieveslabyrinth\x64\release\thieveslabyrinth.tlog\thieveslabyrinth.write.1u.tlog
